2018-11-12 13:51:17,643 - Default ResourceManager initializing. (class org.apache.velocity.runtime.resource.ResourceManagerImpl)
2018-11-12 13:51:17,646 - Resource Loader Instantiated: org.apache.velocity.runtime.resource.loader.ClasspathResourceLoader
2018-11-12 13:51:17,646 - ClasspathResourceLoader : initialization starting.
2018-11-12 13:51:17,646 - ClasspathResourceLoader : initialization complete.
2018-11-12 13:51:17,648 - ResourceCache : initialized. (class org.apache.velocity.runtime.resource.ResourceCacheImpl)
2018-11-12 13:51:17,648 - Default ResourceManager initialization complete.
2018-11-12 13:51:17,651 - Loaded System Directive: org.apache.velocity.runtime.directive.Literal
2018-11-12 13:51:17,653 - Loaded System Directive: org.apache.velocity.runtime.directive.Macro
2018-11-12 13:51:17,656 - Loaded System Directive: org.apache.velocity.runtime.directive.Parse
2018-11-12 13:51:17,658 - Loaded System Directive: org.apache.velocity.runtime.directive.Include
2018-11-12 13:51:17,660 - Loaded System Directive: org.apache.velocity.runtime.directive.Foreach
2018-11-12 13:51:17,694 - Created: 20 parsers.
2018-11-12 13:51:17,712 - Velocimacro : initialization starting.
2018-11-12 13:51:17,712 - Velocimacro : adding VMs from VM library template : VM_global_library.vm
2018-11-12 13:51:17,727 - ResourceManager : unable to find resource 'VM_global_library.vm' in any resource loader.
2018-11-12 13:51:17,727 - Velocimacro : error using  VM library template VM_global_library.vm : org.apache.velocity.exception.ResourceNotFoundException: Unable to find resource 'VM_global_library.vm'
2018-11-12 13:51:17,727 - Velocimacro :  VM library template macro registration complete.
2018-11-12 13:51:17,727 - Velocimacro : allowInline = true : VMs can be defined inline in templates
2018-11-12 13:51:17,727 - Velocimacro : allowInlineToOverride = false : VMs defined inline may NOT replace previous VM definitions
2018-11-12 13:51:17,727 - Velocimacro : allowInlineLocal = false : VMs defined inline will be  global in scope if allowed.
2018-11-12 13:51:17,727 - Velocimacro : messages on  : VM system will output logging messages
2018-11-12 13:51:17,728 - Velocimacro : autoload off  : VM system will not automatically reload global library macros
2018-11-12 13:51:17,728 - Velocimacro : initialization complete.
2018-11-12 13:51:17,728 - Velocity successfully started.
2018-11-12 13:52:43,557 - SimpleLog4JLogSystem initialized using logfile 'velocity.log'
2018-11-12 13:52:43,557 - ************************************************************** 
2018-11-12 13:52:43,557 - Starting Jakarta Velocity v1.4
2018-11-12 13:52:43,557 - RuntimeInstance initializing.
2018-11-12 13:52:43,558 - Default Properties File: org\apache\velocity\runtime\defaults\velocity.properties
2018-11-12 13:52:43,558 - Trying to use logger class org.apache.velocity.runtime.log.SimpleLog4JLogSystem
2018-11-12 13:52:43,558 - Using logger class org.apache.velocity.runtime.log.SimpleLog4JLogSystem
2018-11-12 13:52:43,561 - Default ResourceManager initializing. (class org.apache.velocity.runtime.resource.ResourceManagerImpl)
2018-11-12 13:52:43,565 - Resource Loader Instantiated: org.apache.velocity.runtime.resource.loader.ClasspathResourceLoader
2018-11-12 13:52:43,565 - ClasspathResourceLoader : initialization starting.
2018-11-12 13:52:43,565 - ClasspathResourceLoader : initialization complete.
2018-11-12 13:52:43,567 - ResourceCache : initialized. (class org.apache.velocity.runtime.resource.ResourceCacheImpl)
2018-11-12 13:52:43,567 - Default ResourceManager initialization complete.
2018-11-12 13:52:43,571 - Loaded System Directive: org.apache.velocity.runtime.directive.Literal
2018-11-12 13:52:43,573 - Loaded System Directive: org.apache.velocity.runtime.directive.Macro
2018-11-12 13:52:43,576 - Loaded System Directive: org.apache.velocity.runtime.directive.Parse
2018-11-12 13:52:43,579 - Loaded System Directive: org.apache.velocity.runtime.directive.Include
2018-11-12 13:52:43,580 - Loaded System Directive: org.apache.velocity.runtime.directive.Foreach
2018-11-12 13:52:43,610 - Created: 20 parsers.
2018-11-12 13:52:43,619 - Velocimacro : initialization starting.
2018-11-12 13:52:43,619 - Velocimacro : adding VMs from VM library template : VM_global_library.vm
2018-11-12 13:52:43,636 - ResourceManager : unable to find resource 'VM_global_library.vm' in any resource loader.
2018-11-12 13:52:43,636 - Velocimacro : error using  VM library template VM_global_library.vm : org.apache.velocity.exception.ResourceNotFoundException: Unable to find resource 'VM_global_library.vm'
2018-11-12 13:52:43,636 - Velocimacro :  VM library template macro registration complete.
2018-11-12 13:52:43,636 - Velocimacro : allowInline = true : VMs can be defined inline in templates
2018-11-12 13:52:43,636 - Velocimacro : allowInlineToOverride = false : VMs defined inline may NOT replace previous VM definitions
2018-11-12 13:52:43,636 - Velocimacro : allowInlineLocal = false : VMs defined inline will be  global in scope if allowed.
2018-11-12 13:52:43,636 - Velocimacro : messages on  : VM system will output logging messages
2018-11-12 13:52:43,636 - Velocimacro : autoload off  : VM system will not automatically reload global library macros
2018-11-12 13:52:43,636 - Velocimacro : initialization complete.
2018-11-12 13:52:43,636 - Velocity successfully started.
2018-11-12 13:57:43,149 - SimpleLog4JLogSystem initialized using logfile 'velocity.log'
2018-11-12 13:57:43,150 - ************************************************************** 
2018-11-12 13:57:43,150 - Starting Jakarta Velocity v1.4
2018-11-12 13:57:43,150 - RuntimeInstance initializing.
2018-11-12 13:57:43,150 - Default Properties File: org\apache\velocity\runtime\defaults\velocity.properties
2018-11-12 13:57:43,150 - Trying to use logger class org.apache.velocity.runtime.log.SimpleLog4JLogSystem
2018-11-12 13:57:43,150 - Using logger class org.apache.velocity.runtime.log.SimpleLog4JLogSystem
2018-11-12 13:57:43,154 - Default ResourceManager initializing. (class org.apache.velocity.runtime.resource.ResourceManagerImpl)
2018-11-12 13:57:43,157 - Resource Loader Instantiated: org.apache.velocity.runtime.resource.loader.ClasspathResourceLoader
2018-11-12 13:57:43,157 - ClasspathResourceLoader : initialization starting.
2018-11-12 13:57:43,157 - ClasspathResourceLoader : initialization complete.
2018-11-12 13:57:43,159 - ResourceCache : initialized. (class org.apache.velocity.runtime.resource.ResourceCacheImpl)
2018-11-12 13:57:43,159 - Default ResourceManager initialization complete.
2018-11-12 13:57:43,162 - Loaded System Directive: org.apache.velocity.runtime.directive.Literal
2018-11-12 13:57:43,165 - Loaded System Directive: org.apache.velocity.runtime.directive.Macro
2018-11-12 13:57:43,168 - Loaded System Directive: org.apache.velocity.runtime.directive.Parse
2018-11-12 13:57:43,170 - Loaded System Directive: org.apache.velocity.runtime.directive.Include
2018-11-12 13:57:43,171 - Loaded System Directive: org.apache.velocity.runtime.directive.Foreach
2018-11-12 13:57:43,202 - Created: 20 parsers.
2018-11-12 13:57:43,211 - Velocimacro : initialization starting.
2018-11-12 13:57:43,211 - Velocimacro : adding VMs from VM library template : VM_global_library.vm
2018-11-12 13:57:43,225 - ResourceManager : unable to find resource 'VM_global_library.vm' in any resource loader.
2018-11-12 13:57:43,225 - Velocimacro : error using  VM library template VM_global_library.vm : org.apache.velocity.exception.ResourceNotFoundException: Unable to find resource 'VM_global_library.vm'
2018-11-12 13:57:43,225 - Velocimacro :  VM library template macro registration complete.
2018-11-12 13:57:43,225 - Velocimacro : allowInline = true : VMs can be defined inline in templates
2018-11-12 13:57:43,225 - Velocimacro : allowInlineToOverride = false : VMs defined inline may NOT replace previous VM definitions
2018-11-12 13:57:43,225 - Velocimacro : allowInlineLocal = false : VMs defined inline will be  global in scope if allowed.
2018-11-12 13:57:43,225 - Velocimacro : messages on  : VM system will output logging messages
2018-11-12 13:57:43,225 - Velocimacro : autoload off  : VM system will not automatically reload global library macros
2018-11-12 13:57:43,225 - Velocimacro : initialization complete.
2018-11-12 13:57:43,225 - Velocity successfully started.
2018-11-12 14:09:05,798 - SimpleLog4JLogSystem initialized using logfile 'velocity.log'
2018-11-12 14:09:05,799 - ************************************************************** 
2018-11-12 14:09:05,799 - Starting Jakarta Velocity v1.4
2018-11-12 14:09:05,799 - RuntimeInstance initializing.
2018-11-12 14:09:05,799 - Default Properties File: org\apache\velocity\runtime\defaults\velocity.properties
2018-11-12 14:09:05,799 - Trying to use logger class org.apache.velocity.runtime.log.SimpleLog4JLogSystem
2018-11-12 14:09:05,799 - Using logger class org.apache.velocity.runtime.log.SimpleLog4JLogSystem
2018-11-12 14:09:05,802 - Default ResourceManager initializing. (class org.apache.velocity.runtime.resource.ResourceManagerImpl)
2018-11-12 14:09:05,806 - Resource Loader Instantiated: org.apache.velocity.runtime.resource.loader.ClasspathResourceLoader
2018-11-12 14:09:05,806 - ClasspathResourceLoader : initialization starting.
2018-11-12 14:09:05,806 - ClasspathResourceLoader : initialization complete.
2018-11-12 14:09:05,808 - ResourceCache : initialized. (class org.apache.velocity.runtime.resource.ResourceCacheImpl)
2018-11-12 14:09:05,808 - Default ResourceManager initialization complete.
2018-11-12 14:09:05,812 - Loaded System Directive: org.apache.velocity.runtime.directive.Literal
2018-11-12 14:09:05,814 - Loaded System Directive: org.apache.velocity.runtime.directive.Macro
2018-11-12 14:09:05,818 - Loaded System Directive: org.apache.velocity.runtime.directive.Parse
2018-11-12 14:09:05,820 - Loaded System Directive: org.apache.velocity.runtime.directive.Include
2018-11-12 14:09:05,821 - Loaded System Directive: org.apache.velocity.runtime.directive.Foreach
2018-11-12 14:09:05,855 - Created: 20 parsers.
2018-11-12 14:09:05,871 - Velocimacro : initialization starting.
2018-11-12 14:09:05,871 - Velocimacro : adding VMs from VM library template : VM_global_library.vm
2018-11-12 14:09:05,887 - ResourceManager : unable to find resource 'VM_global_library.vm' in any resource loader.
2018-11-12 14:09:05,887 - Velocimacro : error using  VM library template VM_global_library.vm : org.apache.velocity.exception.ResourceNotFoundException: Unable to find resource 'VM_global_library.vm'
2018-11-12 14:09:05,887 - Velocimacro :  VM library template macro registration complete.
2018-11-12 14:09:05,887 - Velocimacro : allowInline = true : VMs can be defined inline in templates
2018-11-12 14:09:05,887 - Velocimacro : allowInlineToOverride = false : VMs defined inline may NOT replace previous VM definitions
2018-11-12 14:09:05,887 - Velocimacro : allowInlineLocal = false : VMs defined inline will be  global in scope if allowed.
2018-11-12 14:09:05,887 - Velocimacro : messages on  : VM system will output logging messages
2018-11-12 14:09:05,887 - Velocimacro : autoload off  : VM system will not automatically reload global library macros
2018-11-12 14:09:05,887 - Velocimacro : initialization complete.
2018-11-12 14:09:05,887 - Velocity successfully started.
2018-11-12 14:11:25,632 - SimpleLog4JLogSystem initialized using logfile 'velocity.log'
2018-11-12 14:11:25,633 - ************************************************************** 
2018-11-12 14:11:25,633 - Starting Jakarta Velocity v1.4
2018-11-12 14:11:25,633 - RuntimeInstance initializing.
2018-11-12 14:11:25,633 - Default Properties File: org\apache\velocity\runtime\defaults\velocity.properties
2018-11-12 14:11:25,633 - Trying to use logger class org.apache.velocity.runtime.log.SimpleLog4JLogSystem
2018-11-12 14:11:25,633 - Using logger class org.apache.velocity.runtime.log.SimpleLog4JLogSystem
2018-11-12 14:11:25,636 - Default ResourceManager initializing. (class org.apache.velocity.runtime.resource.ResourceManagerImpl)
2018-11-12 14:11:25,640 - Resource Loader Instantiated: org.apache.velocity.runtime.resource.loader.ClasspathResourceLoader
2018-11-12 14:11:25,640 - ClasspathResourceLoader : initialization starting.
2018-11-12 14:11:25,640 - ClasspathResourceLoader : initialization complete.
2018-11-12 14:11:25,642 - ResourceCache : initialized. (class org.apache.velocity.runtime.resource.ResourceCacheImpl)
2018-11-12 14:11:25,642 - Default ResourceManager initialization complete.
2018-11-12 14:11:25,645 - Loaded System Directive: org.apache.velocity.runtime.directive.Literal
2018-11-12 14:11:25,648 - Loaded System Directive: org.apache.velocity.runtime.directive.Macro
2018-11-12 14:11:25,651 - Loaded System Directive: org.apache.velocity.runtime.directive.Parse
2018-11-12 14:11:25,653 - Loaded System Directive: org.apache.velocity.runtime.directive.Include
2018-11-12 14:11:25,654 - Loaded System Directive: org.apache.velocity.runtime.directive.Foreach
2018-11-12 14:11:25,685 - Created: 20 parsers.
2018-11-12 14:11:25,693 - Velocimacro : initialization starting.
2018-11-12 14:11:25,693 - Velocimacro : adding VMs from VM library template : VM_global_library.vm
2018-11-12 14:11:25,708 - ResourceManager : unable to find resource 'VM_global_library.vm' in any resource loader.
2018-11-12 14:11:25,708 - Velocimacro : error using  VM library template VM_global_library.vm : org.apache.velocity.exception.ResourceNotFoundException: Unable to find resource 'VM_global_library.vm'
2018-11-12 14:11:25,708 - Velocimacro :  VM library template macro registration complete.
2018-11-12 14:11:25,708 - Velocimacro : allowInline = true : VMs can be defined inline in templates
2018-11-12 14:11:25,708 - Velocimacro : allowInlineToOverride = false : VMs defined inline may NOT replace previous VM definitions
2018-11-12 14:11:25,708 - Velocimacro : allowInlineLocal = false : VMs defined inline will be  global in scope if allowed.
2018-11-12 14:11:25,708 - Velocimacro : messages on  : VM system will output logging messages
2018-11-12 14:11:25,708 - Velocimacro : autoload off  : VM system will not automatically reload global library macros
2018-11-12 14:11:25,708 - Velocimacro : initialization complete.
2018-11-12 14:11:25,708 - Velocity successfully started.
2018-11-12 14:13:00,947 - SimpleLog4JLogSystem initialized using logfile 'velocity.log'
2018-11-12 14:13:00,947 - ************************************************************** 
2018-11-12 14:13:00,948 - Starting Jakarta Velocity v1.4
2018-11-12 14:13:00,948 - RuntimeInstance initializing.
2018-11-12 14:13:00,948 - Default Properties File: org\apache\velocity\runtime\defaults\velocity.properties
2018-11-12 14:13:00,948 - Trying to use logger class org.apache.velocity.runtime.log.SimpleLog4JLogSystem
2018-11-12 14:13:00,948 - Using logger class org.apache.velocity.runtime.log.SimpleLog4JLogSystem
2018-11-12 14:13:00,953 - Default ResourceManager initializing. (class org.apache.velocity.runtime.resource.ResourceManagerImpl)
2018-11-12 14:13:00,958 - Resource Loader Instantiated: org.apache.velocity.runtime.resource.loader.ClasspathResourceLoader
2018-11-12 14:13:00,959 - ClasspathResourceLoader : initialization starting.
2018-11-12 14:13:00,959 - ClasspathResourceLoader : initialization complete.
2018-11-12 14:13:00,962 - ResourceCache : initialized. (class org.apache.velocity.runtime.resource.ResourceCacheImpl)
2018-11-12 14:13:00,962 - Default ResourceManager initialization complete.
2018-11-12 14:13:00,965 - Loaded System Directive: org.apache.velocity.runtime.directive.Literal
2018-11-12 14:13:00,968 - Loaded System Directive: org.apache.velocity.runtime.directive.Macro
2018-11-12 14:13:00,971 - Loaded System Directive: org.apache.velocity.runtime.directive.Parse
2018-11-12 14:13:00,973 - Loaded System Directive: org.apache.velocity.runtime.directive.Include
2018-11-12 14:13:00,975 - Loaded System Directive: org.apache.velocity.runtime.directive.Foreach
2018-11-12 14:13:01,013 - Created: 20 parsers.
2018-11-12 14:13:01,022 - Velocimacro : initialization starting.
2018-11-12 14:13:01,022 - Velocimacro : adding VMs from VM library template : VM_global_library.vm
2018-11-12 14:13:01,037 - ResourceManager : unable to find resource 'VM_global_library.vm' in any resource loader.
2018-11-12 14:13:01,037 - Velocimacro : error using  VM library template VM_global_library.vm : org.apache.velocity.exception.ResourceNotFoundException: Unable to find resource 'VM_global_library.vm'
2018-11-12 14:13:01,037 - Velocimacro :  VM library template macro registration complete.
2018-11-12 14:13:01,037 - Velocimacro : allowInline = true : VMs can be defined inline in templates
2018-11-12 14:13:01,037 - Velocimacro : allowInlineToOverride = false : VMs defined inline may NOT replace previous VM definitions
2018-11-12 14:13:01,037 - Velocimacro : allowInlineLocal = false : VMs defined inline will be  global in scope if allowed.
2018-11-12 14:13:01,037 - Velocimacro : messages on  : VM system will output logging messages
2018-11-12 14:13:01,037 - Velocimacro : autoload off  : VM system will not automatically reload global library macros
2018-11-12 14:13:01,037 - Velocimacro : initialization complete.
2018-11-12 14:13:01,037 - Velocity successfully started.
2018-11-12 14:14:10,931 - SimpleLog4JLogSystem initialized using logfile 'velocity.log'
2018-11-12 14:14:10,931 - ************************************************************** 
2018-11-12 14:14:10,931 - Starting Jakarta Velocity v1.4
2018-11-12 14:14:10,931 - RuntimeInstance initializing.
2018-11-12 14:14:10,932 - Default Properties File: org\apache\velocity\runtime\defaults\velocity.properties
2018-11-12 14:14:10,932 - Trying to use logger class org.apache.velocity.runtime.log.SimpleLog4JLogSystem
2018-11-12 14:14:10,932 - Using logger class org.apache.velocity.runtime.log.SimpleLog4JLogSystem
2018-11-12 14:14:10,935 - Default ResourceManager initializing. (class org.apache.velocity.runtime.resource.ResourceManagerImpl)
2018-11-12 14:14:10,939 - Resource Loader Instantiated: org.apache.velocity.runtime.resource.loader.ClasspathResourceLoader
2018-11-12 14:14:10,939 - ClasspathResourceLoader : initialization starting.
2018-11-12 14:14:10,939 - ClasspathResourceLoader : initialization complete.
2018-11-12 14:14:10,941 - ResourceCache : initialized. (class org.apache.velocity.runtime.resource.ResourceCacheImpl)
2018-11-12 14:14:10,941 - Default ResourceManager initialization complete.
2018-11-12 14:14:10,945 - Loaded System Directive: org.apache.velocity.runtime.directive.Literal
2018-11-12 14:14:10,947 - Loaded System Directive: org.apache.velocity.runtime.directive.Macro
2018-11-12 14:14:10,950 - Loaded System Directive: org.apache.velocity.runtime.directive.Parse
2018-11-12 14:14:10,953 - Loaded System Directive: org.apache.velocity.runtime.directive.Include
2018-11-12 14:14:10,954 - Loaded System Directive: org.apache.velocity.runtime.directive.Foreach
2018-11-12 14:14:10,985 - Created: 20 parsers.
2018-11-12 14:14:10,994 - Velocimacro : initialization starting.
2018-11-12 14:14:10,994 - Velocimacro : adding VMs from VM library template : VM_global_library.vm
2018-11-12 14:14:11,008 - ResourceManager : unable to find resource 'VM_global_library.vm' in any resource loader.
2018-11-12 14:14:11,008 - Velocimacro : error using  VM library template VM_global_library.vm : org.apache.velocity.exception.ResourceNotFoundException: Unable to find resource 'VM_global_library.vm'
2018-11-12 14:14:11,008 - Velocimacro :  VM library template macro registration complete.
2018-11-12 14:14:11,008 - Velocimacro : allowInline = true : VMs can be defined inline in templates
2018-11-12 14:14:11,009 - Velocimacro : allowInlineToOverride = false : VMs defined inline may NOT replace previous VM definitions
2018-11-12 14:14:11,009 - Velocimacro : allowInlineLocal = false : VMs defined inline will be  global in scope if allowed.
2018-11-12 14:14:11,009 - Velocimacro : messages on  : VM system will output logging messages
2018-11-12 14:14:11,009 - Velocimacro : autoload off  : VM system will not automatically reload global library macros
2018-11-12 14:14:11,009 - Velocimacro : initialization complete.
2018-11-12 14:14:11,009 - Velocity successfully started.
2018-11-12 14:20:55,166 - SimpleLog4JLogSystem initialized using logfile 'velocity.log'
2018-11-12 14:20:55,167 - ************************************************************** 
2018-11-12 14:20:55,167 - Starting Jakarta Velocity v1.4
2018-11-12 14:20:55,167 - RuntimeInstance initializing.
2018-11-12 14:20:55,167 - Default Properties File: org\apache\velocity\runtime\defaults\velocity.properties
2018-11-12 14:20:55,167 - Trying to use logger class org.apache.velocity.runtime.log.SimpleLog4JLogSystem
2018-11-12 14:20:55,167 - Using logger class org.apache.velocity.runtime.log.SimpleLog4JLogSystem
2018-11-12 14:20:55,170 - Default ResourceManager initializing. (class org.apache.velocity.runtime.resource.ResourceManagerImpl)
2018-11-12 14:20:55,174 - Resource Loader Instantiated: org.apache.velocity.runtime.resource.loader.ClasspathResourceLoader
2018-11-12 14:20:55,174 - ClasspathResourceLoader : initialization starting.
2018-11-12 14:20:55,174 - ClasspathResourceLoader : initialization complete.
2018-11-12 14:20:55,177 - ResourceCache : initialized. (class org.apache.velocity.runtime.resource.ResourceCacheImpl)
2018-11-12 14:20:55,177 - Default ResourceManager initialization complete.
2018-11-12 14:20:55,180 - Loaded System Directive: org.apache.velocity.runtime.directive.Literal
2018-11-12 14:20:55,182 - Loaded System Directive: org.apache.velocity.runtime.directive.Macro
2018-11-12 14:20:55,186 - Loaded System Directive: org.apache.velocity.runtime.directive.Parse
2018-11-12 14:20:55,188 - Loaded System Directive: org.apache.velocity.runtime.directive.Include
2018-11-12 14:20:55,189 - Loaded System Directive: org.apache.velocity.runtime.directive.Foreach
2018-11-12 14:20:55,222 - Created: 20 parsers.
2018-11-12 14:20:55,232 - Velocimacro : initialization starting.
2018-11-12 14:20:55,232 - Velocimacro : adding VMs from VM library template : VM_global_library.vm
2018-11-12 14:20:55,246 - ResourceManager : unable to find resource 'VM_global_library.vm' in any resource loader.
2018-11-12 14:20:55,246 - Velocimacro : error using  VM library template VM_global_library.vm : org.apache.velocity.exception.ResourceNotFoundException: Unable to find resource 'VM_global_library.vm'
2018-11-12 14:20:55,246 - Velocimacro :  VM library template macro registration complete.
2018-11-12 14:20:55,246 - Velocimacro : allowInline = true : VMs can be defined inline in templates
2018-11-12 14:20:55,247 - Velocimacro : allowInlineToOverride = false : VMs defined inline may NOT replace previous VM definitions
2018-11-12 14:20:55,247 - Velocimacro : allowInlineLocal = false : VMs defined inline will be  global in scope if allowed.
2018-11-12 14:20:55,247 - Velocimacro : messages on  : VM system will output logging messages
2018-11-12 14:20:55,247 - Velocimacro : autoload off  : VM system will not automatically reload global library macros
2018-11-12 14:20:55,247 - Velocimacro : initialization complete.
2018-11-12 14:20:55,247 - Velocity successfully started.
2018-11-12 14:21:44,602 - SimpleLog4JLogSystem initialized using logfile 'velocity.log'
2018-11-12 14:21:44,603 - ************************************************************** 
2018-11-12 14:21:44,603 - Starting Jakarta Velocity v1.4
2018-11-12 14:21:44,603 - RuntimeInstance initializing.
2018-11-12 14:21:44,603 - Default Properties File: org\apache\velocity\runtime\defaults\velocity.properties
2018-11-12 14:21:44,603 - Trying to use logger class org.apache.velocity.runtime.log.SimpleLog4JLogSystem
2018-11-12 14:21:44,603 - Using logger class org.apache.velocity.runtime.log.SimpleLog4JLogSystem
2018-11-12 14:21:44,606 - Default ResourceManager initializing. (class org.apache.velocity.runtime.resource.ResourceManagerImpl)
2018-11-12 14:21:44,612 - Resource Loader Instantiated: org.apache.velocity.runtime.resource.loader.ClasspathResourceLoader
2018-11-12 14:21:44,612 - ClasspathResourceLoader : initialization starting.
2018-11-12 14:21:44,612 - ClasspathResourceLoader : initialization complete.
2018-11-12 14:21:44,614 - ResourceCache : initialized. (class org.apache.velocity.runtime.resource.ResourceCacheImpl)
2018-11-12 14:21:44,614 - Default ResourceManager initialization complete.
2018-11-12 14:21:44,617 - Loaded System Directive: org.apache.velocity.runtime.directive.Literal
2018-11-12 14:21:44,620 - Loaded System Directive: org.apache.velocity.runtime.directive.Macro
2018-11-12 14:21:44,625 - Loaded System Directive: org.apache.velocity.runtime.directive.Parse
2018-11-12 14:21:44,630 - Loaded System Directive: org.apache.velocity.runtime.directive.Include
2018-11-12 14:21:44,632 - Loaded System Directive: org.apache.velocity.runtime.directive.Foreach
2018-11-12 14:21:44,668 - Created: 20 parsers.
2018-11-12 14:21:44,677 - Velocimacro : initialization starting.
2018-11-12 14:21:44,678 - Velocimacro : adding VMs from VM library template : VM_global_library.vm
2018-11-12 14:21:44,692 - ResourceManager : unable to find resource 'VM_global_library.vm' in any resource loader.
2018-11-12 14:21:44,692 - Velocimacro : error using  VM library template VM_global_library.vm : org.apache.velocity.exception.ResourceNotFoundException: Unable to find resource 'VM_global_library.vm'
2018-11-12 14:21:44,692 - Velocimacro :  VM library template macro registration complete.
2018-11-12 14:21:44,693 - Velocimacro : allowInline = true : VMs can be defined inline in templates
2018-11-12 14:21:44,693 - Velocimacro : allowInlineToOverride = false : VMs defined inline may NOT replace previous VM definitions
2018-11-12 14:21:44,693 - Velocimacro : allowInlineLocal = false : VMs defined inline will be  global in scope if allowed.
2018-11-12 14:21:44,693 - Velocimacro : messages on  : VM system will output logging messages
2018-11-12 14:21:44,693 - Velocimacro : autoload off  : VM system will not automatically reload global library macros
2018-11-12 14:21:44,693 - Velocimacro : initialization complete.
2018-11-12 14:21:44,693 - Velocity successfully started.
2018-11-12 14:23:49,886 - SimpleLog4JLogSystem initialized using logfile 'velocity.log'
2018-11-12 14:23:49,887 - ************************************************************** 
2018-11-12 14:23:49,887 - Starting Jakarta Velocity v1.4
2018-11-12 14:23:49,887 - RuntimeInstance initializing.
2018-11-12 14:23:49,887 - Default Properties File: org\apache\velocity\runtime\defaults\velocity.properties
2018-11-12 14:23:49,887 - Trying to use logger class org.apache.velocity.runtime.log.SimpleLog4JLogSystem
2018-11-12 14:23:49,887 - Using logger class org.apache.velocity.runtime.log.SimpleLog4JLogSystem
2018-11-12 14:23:49,890 - Default ResourceManager initializing. (class org.apache.velocity.runtime.resource.ResourceManagerImpl)
2018-11-12 14:23:49,896 - Resource Loader Instantiated: org.apache.velocity.runtime.resource.loader.ClasspathResourceLoader
2018-11-12 14:23:49,896 - ClasspathResourceLoader : initialization starting.
2018-11-12 14:23:49,896 - ClasspathResourceLoader : initialization complete.
2018-11-12 14:23:49,898 - ResourceCache : initialized. (class org.apache.velocity.runtime.resource.ResourceCacheImpl)
2018-11-12 14:23:49,898 - Default ResourceManager initialization complete.
2018-11-12 14:23:49,903 - Loaded System Directive: org.apache.velocity.runtime.directive.Literal
2018-11-12 14:23:49,906 - Loaded System Directive: org.apache.velocity.runtime.directive.Macro
2018-11-12 14:23:49,910 - Loaded System Directive: org.apache.velocity.runtime.directive.Parse
2018-11-12 14:23:49,912 - Loaded System Directive: org.apache.velocity.runtime.directive.Include
2018-11-12 14:23:49,913 - Loaded System Directive: org.apache.velocity.runtime.directive.Foreach
2018-11-12 14:23:49,958 - Created: 20 parsers.
2018-11-12 14:23:49,970 - Velocimacro : initialization starting.
2018-11-12 14:23:49,970 - Velocimacro : adding VMs from VM library template : VM_global_library.vm
2018-11-12 14:23:49,984 - ResourceManager : unable to find resource 'VM_global_library.vm' in any resource loader.
2018-11-12 14:23:49,984 - Velocimacro : error using  VM library template VM_global_library.vm : org.apache.velocity.exception.ResourceNotFoundException: Unable to find resource 'VM_global_library.vm'
2018-11-12 14:23:49,985 - Velocimacro :  VM library template macro registration complete.
2018-11-12 14:23:49,985 - Velocimacro : allowInline = true : VMs can be defined inline in templates
2018-11-12 14:23:49,985 - Velocimacro : allowInlineToOverride = false : VMs defined inline may NOT replace previous VM definitions
2018-11-12 14:23:49,985 - Velocimacro : allowInlineLocal = false : VMs defined inline will be  global in scope if allowed.
2018-11-12 14:23:49,985 - Velocimacro : messages on  : VM system will output logging messages
2018-11-12 14:23:49,985 - Velocimacro : autoload off  : VM system will not automatically reload global library macros
2018-11-12 14:23:49,985 - Velocimacro : initialization complete.
2018-11-12 14:23:49,985 - Velocity successfully started.
2018-11-12 14:25:11,477 - SimpleLog4JLogSystem initialized using logfile 'velocity.log'
2018-11-12 14:25:11,477 - ************************************************************** 
2018-11-12 14:25:11,477 - Starting Jakarta Velocity v1.4
2018-11-12 14:25:11,477 - RuntimeInstance initializing.
2018-11-12 14:25:11,477 - Default Properties File: org\apache\velocity\runtime\defaults\velocity.properties
2018-11-12 14:25:11,477 - Trying to use logger class org.apache.velocity.runtime.log.SimpleLog4JLogSystem
2018-11-12 14:25:11,478 - Using logger class org.apache.velocity.runtime.log.SimpleLog4JLogSystem
2018-11-12 14:25:11,481 - Default ResourceManager initializing. (class org.apache.velocity.runtime.resource.ResourceManagerImpl)
2018-11-12 14:25:11,484 - Resource Loader Instantiated: org.apache.velocity.runtime.resource.loader.ClasspathResourceLoader
2018-11-12 14:25:11,484 - ClasspathResourceLoader : initialization starting.
2018-11-12 14:25:11,484 - ClasspathResourceLoader : initialization complete.
2018-11-12 14:25:11,486 - ResourceCache : initialized. (class org.apache.velocity.runtime.resource.ResourceCacheImpl)
2018-11-12 14:25:11,486 - Default ResourceManager initialization complete.
2018-11-12 14:25:11,490 - Loaded System Directive: org.apache.velocity.runtime.directive.Literal
2018-11-12 14:25:11,493 - Loaded System Directive: org.apache.velocity.runtime.directive.Macro
2018-11-12 14:25:11,497 - Loaded System Directive: org.apache.velocity.runtime.directive.Parse
2018-11-12 14:25:11,499 - Loaded System Directive: org.apache.velocity.runtime.directive.Include
2018-11-12 14:25:11,501 - Loaded System Directive: org.apache.velocity.runtime.directive.Foreach
2018-11-12 14:25:11,532 - Created: 20 parsers.
2018-11-12 14:25:11,541 - Velocimacro : initialization starting.
2018-11-12 14:25:11,541 - Velocimacro : adding VMs from VM library template : VM_global_library.vm
2018-11-12 14:25:11,558 - ResourceManager : unable to find resource 'VM_global_library.vm' in any resource loader.
2018-11-12 14:25:11,558 - Velocimacro : error using  VM library template VM_global_library.vm : org.apache.velocity.exception.ResourceNotFoundException: Unable to find resource 'VM_global_library.vm'
2018-11-12 14:25:11,558 - Velocimacro :  VM library template macro registration complete.
2018-11-12 14:25:11,558 - Velocimacro : allowInline = true : VMs can be defined inline in templates
2018-11-12 14:25:11,558 - Velocimacro : allowInlineToOverride = false : VMs defined inline may NOT replace previous VM definitions
2018-11-12 14:25:11,559 - Velocimacro : allowInlineLocal = false : VMs defined inline will be  global in scope if allowed.
2018-11-12 14:25:11,559 - Velocimacro : messages on  : VM system will output logging messages
2018-11-12 14:25:11,559 - Velocimacro : autoload off  : VM system will not automatically reload global library macros
2018-11-12 14:25:11,559 - Velocimacro : initialization complete.
2018-11-12 14:25:11,559 - Velocity successfully started.
2018-11-12 14:27:05,722 - SimpleLog4JLogSystem initialized using logfile 'velocity.log'
2018-11-12 14:27:05,722 - ************************************************************** 
2018-11-12 14:27:05,722 - Starting Jakarta Velocity v1.4
2018-11-12 14:27:05,722 - RuntimeInstance initializing.
2018-11-12 14:27:05,722 - Default Properties File: org\apache\velocity\runtime\defaults\velocity.properties
2018-11-12 14:27:05,722 - Trying to use logger class org.apache.velocity.runtime.log.SimpleLog4JLogSystem
2018-11-12 14:27:05,722 - Using logger class org.apache.velocity.runtime.log.SimpleLog4JLogSystem
2018-11-12 14:27:05,726 - Default ResourceManager initializing. (class org.apache.velocity.runtime.resource.ResourceManagerImpl)
2018-11-12 14:27:05,729 - Resource Loader Instantiated: org.apache.velocity.runtime.resource.loader.ClasspathResourceLoader
2018-11-12 14:27:05,729 - ClasspathResourceLoader : initialization starting.
2018-11-12 14:27:05,730 - ClasspathResourceLoader : initialization complete.
2018-11-12 14:27:05,732 - ResourceCache : initialized. (class org.apache.velocity.runtime.resource.ResourceCacheImpl)
2018-11-12 14:27:05,732 - Default ResourceManager initialization complete.
2018-11-12 14:27:05,735 - Loaded System Directive: org.apache.velocity.runtime.directive.Literal
2018-11-12 14:27:05,737 - Loaded System Directive: org.apache.velocity.runtime.directive.Macro
2018-11-12 14:27:05,740 - Loaded System Directive: org.apache.velocity.runtime.directive.Parse
2018-11-12 14:27:05,743 - Loaded System Directive: org.apache.velocity.runtime.directive.Include
2018-11-12 14:27:05,744 - Loaded System Directive: org.apache.velocity.runtime.directive.Foreach
2018-11-12 14:27:05,779 - Created: 20 parsers.
2018-11-12 14:27:05,788 - Velocimacro : initialization starting.
2018-11-12 14:27:05,789 - Velocimacro : adding VMs from VM library template : VM_global_library.vm
2018-11-12 14:27:05,803 - ResourceManager : unable to find resource 'VM_global_library.vm' in any resource loader.
2018-11-12 14:27:05,803 - Velocimacro : error using  VM library template VM_global_library.vm : org.apache.velocity.exception.ResourceNotFoundException: Unable to find resource 'VM_global_library.vm'
2018-11-12 14:27:05,803 - Velocimacro :  VM library template macro registration complete.
2018-11-12 14:27:05,803 - Velocimacro : allowInline = true : VMs can be defined inline in templates
2018-11-12 14:27:05,803 - Velocimacro : allowInlineToOverride = false : VMs defined inline may NOT replace previous VM definitions
2018-11-12 14:27:05,803 - Velocimacro : allowInlineLocal = false : VMs defined inline will be  global in scope if allowed.
2018-11-12 14:27:05,803 - Velocimacro : messages on  : VM system will output logging messages
2018-11-12 14:27:05,803 - Velocimacro : autoload off  : VM system will not automatically reload global library macros
2018-11-12 14:27:05,803 - Velocimacro : initialization complete.
2018-11-12 14:27:05,803 - Velocity successfully started.
2018-11-12 14:34:10,128 - SimpleLog4JLogSystem initialized using logfile 'velocity.log'
2018-11-12 14:34:10,128 - ************************************************************** 
2018-11-12 14:34:10,128 - Starting Jakarta Velocity v1.4
2018-11-12 14:34:10,128 - RuntimeInstance initializing.
2018-11-12 14:34:10,128 - Default Properties File: org\apache\velocity\runtime\defaults\velocity.properties
2018-11-12 14:34:10,128 - Trying to use logger class org.apache.velocity.runtime.log.SimpleLog4JLogSystem
2018-11-12 14:34:10,128 - Using logger class org.apache.velocity.runtime.log.SimpleLog4JLogSystem
2018-11-12 14:34:10,132 - Default ResourceManager initializing. (class org.apache.velocity.runtime.resource.ResourceManagerImpl)
2018-11-12 14:34:10,135 - Resource Loader Instantiated: org.apache.velocity.runtime.resource.loader.ClasspathResourceLoader
2018-11-12 14:34:10,135 - ClasspathResourceLoader : initialization starting.
2018-11-12 14:34:10,136 - ClasspathResourceLoader : initialization complete.
2018-11-12 14:34:10,138 - ResourceCache : initialized. (class org.apache.velocity.runtime.resource.ResourceCacheImpl)
2018-11-12 14:34:10,138 - Default ResourceManager initialization complete.
2018-11-12 14:34:10,142 - Loaded System Directive: org.apache.velocity.runtime.directive.Literal
2018-11-12 14:34:10,146 - Loaded System Directive: org.apache.velocity.runtime.directive.Macro
2018-11-12 14:34:10,150 - Loaded System Directive: org.apache.velocity.runtime.directive.Parse
2018-11-12 14:34:10,153 - Loaded System Directive: org.apache.velocity.runtime.directive.Include
2018-11-12 14:34:10,155 - Loaded System Directive: org.apache.velocity.runtime.directive.Foreach
2018-11-12 14:34:10,190 - Created: 20 parsers.
2018-11-12 14:34:10,200 - Velocimacro : initialization starting.
2018-11-12 14:34:10,200 - Velocimacro : adding VMs from VM library template : VM_global_library.vm
2018-11-12 14:34:10,217 - ResourceManager : unable to find resource 'VM_global_library.vm' in any resource loader.
2018-11-12 14:34:10,217 - Velocimacro : error using  VM library template VM_global_library.vm : org.apache.velocity.exception.ResourceNotFoundException: Unable to find resource 'VM_global_library.vm'
2018-11-12 14:34:10,217 - Velocimacro :  VM library template macro registration complete.
2018-11-12 14:34:10,217 - Velocimacro : allowInline = true : VMs can be defined inline in templates
2018-11-12 14:34:10,217 - Velocimacro : allowInlineToOverride = false : VMs defined inline may NOT replace previous VM definitions
2018-11-12 14:34:10,217 - Velocimacro : allowInlineLocal = false : VMs defined inline will be  global in scope if allowed.
2018-11-12 14:34:10,217 - Velocimacro : messages on  : VM system will output logging messages
2018-11-12 14:34:10,217 - Velocimacro : autoload off  : VM system will not automatically reload global library macros
2018-11-12 14:34:10,217 - Velocimacro : initialization complete.
2018-11-12 14:34:10,217 - Velocity successfully started.
2018-11-12 22:30:05,533 - SimpleLog4JLogSystem initialized using logfile 'velocity.log'
2018-11-12 22:30:05,533 - ************************************************************** 
2018-11-12 22:30:05,533 - Starting Jakarta Velocity v1.4
2018-11-12 22:30:05,533 - RuntimeInstance initializing.
2018-11-12 22:30:05,533 - Default Properties File: org\apache\velocity\runtime\defaults\velocity.properties
2018-11-12 22:30:05,533 - Trying to use logger class org.apache.velocity.runtime.log.SimpleLog4JLogSystem
2018-11-12 22:30:05,533 - Using logger class org.apache.velocity.runtime.log.SimpleLog4JLogSystem
2018-11-12 22:30:05,539 - Default ResourceManager initializing. (class org.apache.velocity.runtime.resource.ResourceManagerImpl)
2018-11-12 22:30:05,543 - Resource Loader Instantiated: org.apache.velocity.runtime.resource.loader.ClasspathResourceLoader
2018-11-12 22:30:05,544 - ClasspathResourceLoader : initialization starting.
2018-11-12 22:30:05,544 - ClasspathResourceLoader : initialization complete.
2018-11-12 22:30:05,546 - ResourceCache : initialized. (class org.apache.velocity.runtime.resource.ResourceCacheImpl)
2018-11-12 22:30:05,546 - Default ResourceManager initialization complete.
2018-11-12 22:30:05,549 - Loaded System Directive: org.apache.velocity.runtime.directive.Literal
2018-11-12 22:30:05,551 - Loaded System Directive: org.apache.velocity.runtime.directive.Macro
2018-11-12 22:30:05,554 - Loaded System Directive: org.apache.velocity.runtime.directive.Parse
2018-11-12 22:30:05,556 - Loaded System Directive: org.apache.velocity.runtime.directive.Include
2018-11-12 22:30:05,558 - Loaded System Directive: org.apache.velocity.runtime.directive.Foreach
2018-11-12 22:30:05,588 - Created: 20 parsers.
2018-11-12 22:30:05,597 - Velocimacro : initialization starting.
2018-11-12 22:30:05,597 - Velocimacro : adding VMs from VM library template : VM_global_library.vm
2018-11-12 22:30:05,614 - ResourceManager : unable to find resource 'VM_global_library.vm' in any resource loader.
2018-11-12 22:30:05,614 - Velocimacro : error using  VM library template VM_global_library.vm : org.apache.velocity.exception.ResourceNotFoundException: Unable to find resource 'VM_global_library.vm'
2018-11-12 22:30:05,614 - Velocimacro :  VM library template macro registration complete.
2018-11-12 22:30:05,614 - Velocimacro : allowInline = true : VMs can be defined inline in templates
2018-11-12 22:30:05,614 - Velocimacro : allowInlineToOverride = false : VMs defined inline may NOT replace previous VM definitions
2018-11-12 22:30:05,615 - Velocimacro : allowInlineLocal = false : VMs defined inline will be  global in scope if allowed.
2018-11-12 22:30:05,615 - Velocimacro : messages on  : VM system will output logging messages
2018-11-12 22:30:05,615 - Velocimacro : autoload off  : VM system will not automatically reload global library macros
2018-11-12 22:30:05,615 - Velocimacro : initialization complete.
2018-11-12 22:30:05,615 - Velocity successfully started.
2018-11-12 22:43:31,330 - SimpleLog4JLogSystem initialized using logfile 'velocity.log'
2018-11-12 22:43:31,330 - ************************************************************** 
2018-11-12 22:43:31,330 - Starting Jakarta Velocity v1.4
2018-11-12 22:43:31,330 - RuntimeInstance initializing.
2018-11-12 22:43:31,330 - Default Properties File: org\apache\velocity\runtime\defaults\velocity.properties
2018-11-12 22:43:31,330 - Trying to use logger class org.apache.velocity.runtime.log.SimpleLog4JLogSystem
2018-11-12 22:43:31,331 - Using logger class org.apache.velocity.runtime.log.SimpleLog4JLogSystem
2018-11-12 22:43:31,334 - Default ResourceManager initializing. (class org.apache.velocity.runtime.resource.ResourceManagerImpl)
2018-11-12 22:43:31,337 - Resource Loader Instantiated: org.apache.velocity.runtime.resource.loader.ClasspathResourceLoader
2018-11-12 22:43:31,337 - ClasspathResourceLoader : initialization starting.
2018-11-12 22:43:31,337 - ClasspathResourceLoader : initialization complete.
2018-11-12 22:43:31,340 - ResourceCache : initialized. (class org.apache.velocity.runtime.resource.ResourceCacheImpl)
2018-11-12 22:43:31,340 - Default ResourceManager initialization complete.
2018-11-12 22:43:31,343 - Loaded System Directive: org.apache.velocity.runtime.directive.Literal
2018-11-12 22:43:31,345 - Loaded System Directive: org.apache.velocity.runtime.directive.Macro
2018-11-12 22:43:31,349 - Loaded System Directive: org.apache.velocity.runtime.directive.Parse
2018-11-12 22:43:31,351 - Loaded System Directive: org.apache.velocity.runtime.directive.Include
2018-11-12 22:43:31,352 - Loaded System Directive: org.apache.velocity.runtime.directive.Foreach
2018-11-12 22:43:31,384 - Created: 20 parsers.
2018-11-12 22:43:31,394 - Velocimacro : initialization starting.
2018-11-12 22:43:31,394 - Velocimacro : adding VMs from VM library template : VM_global_library.vm
2018-11-12 22:43:31,412 - ResourceManager : unable to find resource 'VM_global_library.vm' in any resource loader.
2018-11-12 22:43:31,412 - Velocimacro : error using  VM library template VM_global_library.vm : org.apache.velocity.exception.ResourceNotFoundException: Unable to find resource 'VM_global_library.vm'
2018-11-12 22:43:31,412 - Velocimacro :  VM library template macro registration complete.
2018-11-12 22:43:31,413 - Velocimacro : allowInline = true : VMs can be defined inline in templates
2018-11-12 22:43:31,413 - Velocimacro : allowInlineToOverride = false : VMs defined inline may NOT replace previous VM definitions
2018-11-12 22:43:31,413 - Velocimacro : allowInlineLocal = false : VMs defined inline will be  global in scope if allowed.
2018-11-12 22:43:31,413 - Velocimacro : messages on  : VM system will output logging messages
2018-11-12 22:43:31,413 - Velocimacro : autoload off  : VM system will not automatically reload global library macros
2018-11-12 22:43:31,413 - Velocimacro : initialization complete.
2018-11-12 22:43:31,413 - Velocity successfully started.
